<?xml version="1.0" encoding="UTF-8"?>
<testsuite xmlns:xsi="http://www.w3.org/2001/XMLSchema-instance" xsi:noNamespaceSchemaLocation="https://maven.apache.org/surefire/maven-surefire-plugin/xsd/surefire-test-report-3.0.xsd" version="3.0" name="TestSuite" time="44.809" tests="5" errors="0" skipped="3" failures="0">
  <properties>
[...]
</properties>
  <testcase name="featuredCourses" classname="Academy.ValidateTitleNavigation" time="0.373">
    <system-err><![CDATA[SLF4J: Failed to load class "org.slf4j.impl.StaticLoggerBinder".
SLF4J: Defaulting to no-operation (NOP) logger implementation
SLF4J: See http://www.slf4j.org/codes.html#StaticLoggerBinder for further details.
116655000016186187414774	g4e7c	kgodercivkeord	IrNiFOv	eLris	tIenNiFnOg 	oLn i1s2t7.e0.n0i.n1:g6 2o17n2 
127.0.0.1:57694
1650016817451	geckodriver	INFO	Listening on 127.0.0.1:51965
1650016818268	11m6o65z05r001u06n8n11e86r28:61:88	rm2uo6nzn8reu	nrmn	oeIzrNr::uFrnOunn	enRreu:rn	:nIirNnuFngnO e	crRo	ImuNmnFanOni	dnR:gu  n"cnCoi:mnm\ga\ nPcdro:omg mr"aaCnm:d \:F\ iPrl"oegCsr\:a\\mM\ oPFzriiolleglsra\a \mFM iorFzeiifleloslx\a\\ \MFfoiizrreeiffloolx\xa\. fiFerixerefe"o fx".o-exx-e\"m\ a"fr-iio-nmreateter"f i"o-oxn-e.thetexeae"d" l "e"-s--s-h"me aa"rd-il-oernseesmt"ot te"e"-- -d"er-be-uhmgeoagtdieln-egds-espb"ou rg"gt-i"-n rg"e5m-o4t8peo1-r8d"te "bu "g-"g5-inr6g7e-7mp7oort"te ""- -a"5-l8rl8eo9mw1"o- ht"eo-s--tareslml"o otw"el--hoaoclsaltloswh"-oh so"tls"ot calsh""o- sn"to"- r"e-mnoo-tree"m o"t-ep"r o"fli-oplrec"oaf l"ihCols:et\"" \ U""sC-e:nr\o\s-rU\es\mseoratsbeh\"i\ "s\-\aAbpphrpioD\f\aiAtlapep\"\D La"otCac:\a\\l\L\\oUTceasmlep\r\\sT\\er\musspa\tb_\hmriuo\zs\ptApr_pomDofaiztlpaer\\oXLfoieclpaeQnlR1\Gv\t"T7
el"m
p\\rust_mozprofileC5SHpj"
*** You are running in headless mode.
*** You are running in headless mode.
*** You are running in headless mode.
1650016818643	Marionette	INFO	Marionette enabled
1650016818658	Marionette	INFO	Marionette enabled
1650016818678	Marionette	INFO	Marionette enabled
[GFX1-]: RenderCompositorSWGL failed mapping default framebuffer, no dt
[GFX1-]: RenderCompositorSWGL failed mapping default framebuffer, no dt
[GFX1-]: RenderCompositorSWGL failed mapping default framebuffer, no dt
console.warn: SearchSettings: "get: No settings file exists, new profile?" (new NotFoundError("Could not open the file at C:\\Users\\sabhi\\AppData\\Local\\Temp\\rust_mozprofilen1Gt7l\\search.json.mozlz4", (void 0)))
console.warn: SearchSettings: "get: No settings file exists, new profile?" (new NotFoundError("Could not open the file at C:\\Users\\sabhi\\AppData\\Local\\Temp\\rust_mozprofileXepQRv\\search.json.mozlz4", (void 0)))
console.warn: SearchSettings: "get: No settings file exists, new profile?" (new NotFoundError("Could not open the file at C:\\Users\\sabhi\\AppData\\Local\\Temp\\rust_mozprofileC5SHpj\\search.json.mozlz4", (void 0)))
DevTools listening on ws://localhost:56777/devtools/browser/42be3285-09bd-408b-a352-194c9149e2d5
1650016820192	Marionette	INFO	Listening on port 61484
DevTools listening on ws://localhost:58891/devtools/browser/2f214e3a-d6fe-4e9c-8d71-98b5993e3122
DevTools listening on ws://localhost:54818/devtools/browser/061aa91d-495e-4a45-abc4-53e111667373
1650016820245	Marionette	INFO	Listening on port 61489
1650016820257	Marionette	INFO	Listening on port 61492
Read port: 61489
Read port: 61484
Read port: 61492
1650016820374	RemoteAgent	WARN	TLS certificate errors will be ignored for this session
1650016820381	RemoteAgent	WARN	TLS certificate errors will be ignored for this session
1650016820381	RemoteAgent	WARN	TLS certificate errors will be ignored for this session
Apr 15, 2022 3:30:20 PM org.openqa.selenium.remote.ProtocolHandshake createSession
INFO: Detected dialect: W3C
Apr 15, 2022 3:30:20 PM org.openqa.selenium.remote.ProtocolHandshake createSession
INFO: Detected dialect: W3C
Apr 15, 2022 3:30:20 PM org.openqa.selenium.remote.ProtocolHandshake createSession
INFO: Detected dialect: W3C
Apr 15, 2022 3:30:20 PM Academy.ValidateTitleNavigation invokeBrowser
INFO: Driver is intialized
Apr 15, 2022 3:30:20 PM Academy.ValidateBtnText invokeBrowser
INFO: Driver is intialized
Apr 15, 2022 3:30:37 PM Academy.ValidateTitleNavigation invokeBrowser
INFO: opening the URL
Apr 15, 2022 3:30:38 PM Academy.ValidateTitleNavigation featuredCourses
INFO: Heading displayed
]]></system-err>
  </testcase>
  <testcase name="basePageHeader" classname="Academy.ValidateTitleNavigation" time="0.017"/>
  <testcase name="basePageNavigation[email1@email.com, password1](1)" classname="Academy.HomePage" time="0">
    <skipped message="Unable to locate element: //button[contains(text(),&apos;NO THANKS&apos;)]&#10;For documentation on this error, please visit: https://selenium.dev/exceptions/#no_such_element&#10;Build info: version: &apos;4.1.3&apos;, revision: &apos;7b1ebf28ef&apos;&#10;System info: host: &apos;ABHISELVA&apos;, ip: &apos;192.168.0.101&apos;, os.name: &apos;Windows 11&apos;, os.arch: &apos;amd64&apos;, os.version: &apos;10.0&apos;, java.version: &apos;11.0.14&apos;&#10;Driver info: org.openqa.selenium.firefox.FirefoxDriver&#10;Command: [f798d378-18e1-4594-aca3-cfacf1f7494b, findElement {using=xpath, value=//button[contains(text(),&apos;NO THANKS&apos;)]}]&#10;Capabilities {acceptInsecureCerts: true, browserName: firefox, browserVersion: 99.0, javascriptEnabled: true, moz:accessibilityChecks: false, moz:buildID: 20220330194208, moz:debuggerAddress: localhost:58891, moz:geckodriverVersion: 0.31.0, moz:headless: true, moz:processID: 25748, moz:profile: C:\Users\sabhi\AppData\Loca..., moz:shutdownTimeout: 60000, moz:useNonSpecCompliantPointerOrigin: false, moz:webdriverClick: true, pageLoadStrategy: normal, platform: WINDOWS, platformName: WINDOWS, platformVersion: 10.0, proxy: Proxy(), se:cdp: ws://localhost:58891/devtoo..., se:cdpVersion: 85.0, setWindowRect: true, strictFileInteractability: false, timeouts: {implicit: 0, pageLoad: 300000, script: 30000}, unhandledPromptBehavior: dismiss and notify}&#10;Session ID: f798d378-18e1-4594-aca3-cfacf1f7494b"/>
    <system-out><![CDATA[http://www.qaclickacademy.com
]]></system-out>
    <system-err><![CDATA[1650016838193	CDP	ERROR	Invalid browser preferences for CDP. Set "fission.webContentIsolationStrategy"to 0 and "fission.bfcacheInParent" to false before Firefox starts.
Apr 15, 2022 3:30:38 PM org.openqa.selenium.devtools.CdpVersionFinder findNearestMatch
INFO: Found exact CDP implementation for version 85
1650016838229	Marionette	INFO	Stopped listening on port 61484
JavaScript error: resource://gre/modules/Sqlite.jsm, line 1105: Error: Sqlite.jsm has been shutdown. Cannot open connection to: C:\Users\sabhi\AppData\Local\Temp\rust_mozprofilen1Gt7l\protections.sqlite

###!!! [Parent][PImageBridgeParent] Error: RunMessage(msgname=PImageBridge::Msg_WillClose) Channel closing: too late to send/recv, messages will be lost

JavaScript error: http://load.sumome.com/, line 1: Error: Loading chunk 72 failed.
(error: https://load.sumo.com/72.0a035390359aab65eb82.js)
Apr 15, 2022 3:30:54 PM Academy.ValidateBtnText invokeBrowser
INFO: opening the URL
JavaScript error: http://load.sumome.com/, line 1: Error: Loading chunk 73 failed.
(error: https://load.sumo.com/73.0a035390359aab65eb82.js)
]]></system-err>
  </testcase>
  <testcase name="basePageNavigation[email2@email.com, password2](2)" classname="Academy.HomePage" time="0">
    <skipped message="Unable to locate element: //button[contains(text(),&apos;NO THANKS&apos;)]&#10;For documentation on this error, please visit: https://selenium.dev/exceptions/#no_such_element&#10;Build info: version: &apos;4.1.3&apos;, revision: &apos;7b1ebf28ef&apos;&#10;System info: host: &apos;ABHISELVA&apos;, ip: &apos;192.168.0.101&apos;, os.name: &apos;Windows 11&apos;, os.arch: &apos;amd64&apos;, os.version: &apos;10.0&apos;, java.version: &apos;11.0.14&apos;&#10;Driver info: org.openqa.selenium.firefox.FirefoxDriver&#10;Command: [f798d378-18e1-4594-aca3-cfacf1f7494b, findElement {using=xpath, value=//button[contains(text(),&apos;NO THANKS&apos;)]}]&#10;Capabilities {acceptInsecureCerts: true, browserName: firefox, browserVersion: 99.0, javascriptEnabled: true, moz:accessibilityChecks: false, moz:buildID: 20220330194208, moz:debuggerAddress: localhost:58891, moz:geckodriverVersion: 0.31.0, moz:headless: true, moz:processID: 25748, moz:profile: C:\Users\sabhi\AppData\Loca..., moz:shutdownTimeout: 60000, moz:useNonSpecCompliantPointerOrigin: false, moz:webdriverClick: true, pageLoadStrategy: normal, platform: WINDOWS, platformName: WINDOWS, platformVersion: 10.0, proxy: Proxy(), se:cdp: ws://localhost:58891/devtoo..., se:cdpVersion: 85.0, setWindowRect: true, strictFileInteractability: false, timeouts: {implicit: 0, pageLoad: 300000, script: 30000}, unhandledPromptBehavior: dismiss and notify}&#10;Session ID: f798d378-18e1-4594-aca3-cfacf1f7494b"/>
  </testcase>
  <testcase name="closeBrowser" classname="Academy.HomePage" time="0">
    <skipped/>
  </testcase>
</testsuite>