<?xml version="1.0" encoding="UTF-8"?>
<!-- Generated by org.testng.reporters.JUnitXMLReporter -->
<testsuite ignored="0" hostname="AbhiSelva" failures="0" tests="1" name="Test1" time="0.056" errors="0" timestamp="2022-04-15T15:26:24 IST">
  <testcase classname="Academy.ValidateBtnText" name="@BeforeTest invokeBrowser" time="0.008">
    <failure type="java.lang.NullPointerException" message="Cannot invoke &amp;quot;String.equals(Object)&amp;quot; because &amp;quot;browsername&amp;quot; is null">
      <![CDATA[java.lang.NullPointerException: Cannot invoke "String.equals(Object)" because "browsername" is null
at resources.Base.invokebrowsers(Base.java:38)
at Academy.ValidateBtnText.invokeBrowser(ValidateBtnText.java:29)
at java.base/java.util.concurrent.FutureTask.run(FutureTask.java:264)
at java.base/java.util.concurrent.ThreadPoolExecutor.runWorker(ThreadPoolExecutor.java:1136)
at java.base/java.util.concurrent.ThreadPoolExecutor$Worker.run(ThreadPoolExecutor.java:635)
at java.base/java.lang.Thread.run(Thread.java:833)
... Removed 15 stack frames]]>
    </failure>
  </testcase> <!-- @BeforeTest invokeBrowser -->
  <testcase classname="Academy.ValidateTitleNavigation" name="@BeforeTest invokeBrowser" time="0.008">
    <failure type="java.lang.NullPointerException" message="Cannot invoke &amp;quot;String.equals(Object)&amp;quot; because &amp;quot;browsername&amp;quot; is null">
      <![CDATA[java.lang.NullPointerException: Cannot invoke "String.equals(Object)" because "browsername" is null
at resources.Base.invokebrowsers(Base.java:38)
at Academy.ValidateTitleNavigation.invokeBrowser(ValidateTitleNavigation.java:25)
at java.base/java.util.concurrent.FutureTask.run(FutureTask.java:264)
at java.base/java.util.concurrent.ThreadPoolExecutor.runWorker(ThreadPoolExecutor.java:1136)
at java.base/java.util.concurrent.ThreadPoolExecutor$Worker.run(ThreadPoolExecutor.java:635)
at java.base/java.lang.Thread.run(Thread.java:833)
... Removed 15 stack frames]]>
    </failure>
  </testcase> <!-- @BeforeTest invokeBrowser -->
  <testcase classname="Academy.ValidateBtnText" name="@AfterTest closeBrowser" time="0.0">
    <skipped/>
  </testcase> <!-- @AfterTest closeBrowser -->
  <testcase classname="Academy.ValidateTitleNavigation" name="@AfterTest closeBrowser" time="0.0">
    <skipped/>
  </testcase> <!-- @AfterTest closeBrowser -->
  <testcase classname="Academy.ValidateBtnText" name="baseTitleNavigation" time="0.0">
    <skipped/>
  </testcase> <!-- baseTitleNavigation -->
</testsuite> <!-- Test1 -->
