<?xml version="1.0" encoding="UTF-8"?>
<!-- Generated by org.testng.reporters.JUnitXMLReporter -->
<testsuite ignored="0" hostname="AbhiSelva" failures="0" tests="4" name="Test" time="89.919" errors="0" timestamp="2022-04-12T22:27:49 IST">
  <testcase classname="Academy.ValidateBtnText" name="baseTitleNavigation" time="0.234"/>
  <testcase classname="Academy.ValidateTitleNavigation" name="basePageNavigation" time="0.268"/>
  <testcase classname="Academy.HomePage" name="basePageNavigation" time="1.739"/>
  <testcase classname="Academy.HomePage" name="basePageNavigation" time="1.713"/>
</testsuite> <!-- Test -->
