<?xml version="1.0" encoding="UTF-8"?>
<!-- Generated by org.testng.reporters.JUnitXMLReporter -->
<testsuite ignored="0" hostname="AbhiSelva" failures="0" tests="6" name="Command line test" time="0.032" errors="0" timestamp="2022-03-31T06:34:53 IST">
  <testcase classname="samplemavenproject.mavenjava.AppiunTest" name="appautomation" time="0.0"/>
  <testcase classname="samplemavenproject.mavenjava.AppiunTest" name="appelementUI" time="0.0"/>
  <testcase classname="samplemavenproject.mavenjava.RestAPITest" name="apielementUI" time="0.0"/>
  <testcase classname="samplemavenproject.mavenjava.RestAPITest" name="restapiautomation" time="0.0"/>
  <testcase classname="samplemavenproject.mavenjava.SeleniumTest" name="browserautomation" time="0.0"/>
  <testcase classname="samplemavenproject.mavenjava.SeleniumTest" name="elementUI" time="0.0"/>
</testsuite> <!-- Command line test -->
