<?xml version="1.0" encoding="UTF-8"?>
<!-- Generated by org.testng.reporters.JUnitXMLReporter -->
<testsuite ignored="2" hostname="AbhiSelva" failures="0" tests="1" name="Car Loan" time="0.002" errors="0" timestamp="2022-03-28T08:41:31 IST">
  <testcase classname="test.CarLoan" name="webcarloan" time="0.001"/>
  <testcase classname="test.CarLoan" name="mobilecarloan" time="0.0">
    <ignored/>
  </testcase> <!-- mobilecarloan -->
  <testcase classname="test.CarLoan" name="apicarloan" time="0.0">
    <ignored/>
  </testcase> <!-- apicarloan -->
</testsuite> <!-- Car Loan -->
