<?xml version="1.0" encoding="UTF-8"?>
<!-- Generated by org.testng.reporters.JUnitXMLReporter -->
<testsuite ignored="1" hostname="AbhiSelva" failures="0" tests="2" name="Home Loan" time="0.003" errors="0" timestamp="2022-03-28T08:41:31 IST">
  <testcase classname="test.HomeLoan" name="apihomeloan" time="0.0"/>
  <testcase classname="test.HomeLoan" name="webhomeloan" time="0.0"/>
  <testcase classname="test.HomeLoan" name="mobilehomeloan" time="0.0">
    <ignored/>
  </testcase> <!-- mobilehomeloan -->
</testsuite> <!-- Home Loan -->
