<?xml version="1.0" encoding="UTF-8"?>
<!-- Generated by org.testng.reporters.JUnitXMLReporter -->
<testsuite ignored="0" hostname="AbhiSelva" failures="1" tests="10" name="Test" time="0.053" errors="0" timestamp="2022-03-29T10:35:50 IST">
  <testcase classname="test.CarLoan" name="apicarloan" time="0.004"/>
  <testcase classname="test.CarLoan" name="mobilecarloan" time="0.001"/>
  <testcase classname="test.CarLoan" name="webcarloan" time="0.001">
    <failure type="java.lang.ArithmeticException" message="/ by zero">
      <![CDATA[java.lang.ArithmeticException: / by zero
at test.CarLoan.webcarloan(CarLoan.java:28)
at java.base/java.util.ArrayList.forEach(ArrayList.java:1511)
... Removed 27 stack frames]]>
    </failure>
  </testcase> <!-- webcarloan -->
  <testcase classname="test.Demo1" name="demo" time="0.001"/>
  <testcase classname="test.Demo1" name="demo1" time="0.001"/>
  <testcase classname="test.Demo2" name="demo" time="0.001"/>
  <testcase classname="test.Demo2" name="demo" time="0.001"/>
  <testcase classname="test.HomeLoan" name="apihomeloan" time="0.001"/>
  <testcase classname="test.HomeLoan" name="mobilehomeloan" time="0.001"/>
  <testcase classname="test.HomeLoan" name="webhomeloan" time="0.0"/>
</testsuite> <!-- Test -->
