<?xml version="1.0" encoding="UTF-8"?>
<testng-results ignored="0" total="1" passed="1" failed="0" skipped="0">
  <reporter-output>
  </reporter-output>
  <suite started-at="2022-04-04T09:02:49 IST" name="Default suite" finished-at="2022-04-04T09:02:53 IST" duration-ms="4846">
    <groups>
    </groups>
    <test started-at="2022-04-04T09:02:49 IST" name="Default test" finished-at="2022-04-04T09:02:53 IST" duration-ms="4846">
      <class name="pageobjects.testcases">
        <test-method signature="logintestcase()[pri:0, instance:pageobjects.testcases@48aca48b]" started-at="2022-04-04T09:02:49 IST" name="logintestcase" finished-at="2022-04-04T09:02:53 IST" duration-ms="4815" status="PASS">
          <reporter-output>
          </reporter-output>
        </test-method> <!-- logintestcase -->
      </class> <!-- pageobjects.testcases -->
    </test> <!-- Default test -->
  </suite> <!-- Default suite -->
</testng-results>
